Importer Log Report
Project : BMS ERROR Detection.PrjPcb

Section : Analyze Document - C:\Users\adria\Downloads\PCB_Layouts-master\PCB_Layouts-master\Old Files\BMS ERROR DETECTION\BMS ERROR Detection.brd
    Analyzing data of C:\Users\adria\Downloads\PCB_Layouts-master\PCB_Layouts-master\Old Files\BMS ERROR DETECTION\BMS ERROR Detection.brd
    Load settings
    Load layers 48
    Load board
    Load Library "40xx"
    Load Packages 1
    ERROR: Unhandled typepackages3d
    Load Library "optocoupler"
    Load Packages 1
    ERROR: Unhandled typepackages3d
    Load Library "resistor-sil"
    Load Packages 2
    ERROR: Unhandled typepackages3d
    Load Library "con-molex"
    Load Packages 1
    Load Library "fuse"
    Load Packages 1
    ERROR: Unhandled typepackages3d
    ERROR: Unhandled typeerrors
EndSection

Section : Analyze Document - C:\Users\adria\Downloads\PCB_Layouts-master\PCB_Layouts-master\Old Files\BMS ERROR DETECTION\BMS ERROR Detection.sch
    Analyzing data of C:\Users\adria\Downloads\PCB_Layouts-master\PCB_Layouts-master\Old Files\BMS ERROR DETECTION\BMS ERROR Detection.sch
    Load settings
    Load layers 48
    Load schematic
    Load Libraries 6
    Load Library "optocoupler"
    Load Packages 2
    ERROR: Unhandled typepackages3d
    Load Symbols 1
    Load DeviceSets 1
    ERROR: Unhandled typepackage3dinstances
    ERROR: Unhandled typepackage3dinstances
    Load Library "supply1"
    Load Packages 0
    Load Symbols 2
    Load DeviceSets 2
    Load Library "con-molex"
    Load Packages 1
    Load Symbols 2
    Load DeviceSets 1
    Load Library "40xx"
    Load Packages 2
    ERROR: Unhandled typepackages3d
    Load Symbols 2
    Load DeviceSets 1
    ERROR: Unhandled typepackage3dinstances
    ERROR: Unhandled typepackage3dinstances
    Load Library "resistor-sil"
    Load Packages 2
    ERROR: Unhandled typepackages3d
    Load Symbols 2
    Load DeviceSets 2
    ERROR: Unhandled typepackage3dinstances
    ERROR: Unhandled typepackage3dinstances
    Load Library "fuse"
    Load Packages 25
    ERROR: Unhandled typepackages3d
    Load Symbols 1
    Load DeviceSets 1
    ERROR: Unhandled typepackage3dinstances
    ERROR: Unhandled typepackage3dinstances
    ERROR: Unhandled typepackage3dinstances
    ERROR: Unhandled typepackage3dinstances
    ERROR: Unhandled typepackage3dinstances
    ERROR: Unhandled typepackage3dinstances
    ERROR: Unhandled typepackage3dinstances
    ERROR: Unhandled typepackage3dinstances
    ERROR: Unhandled typepackage3dinstances
    ERROR: Unhandled typepackage3dinstances
    ERROR: Unhandled typepackage3dinstances
    ERROR: Unhandled typepackage3dinstances
    ERROR: Unhandled typepackage3dinstances
    ERROR: Unhandled typepackage3dinstances
    ERROR: Unhandled typepackage3dinstances
    ERROR: Unhandled typepackage3dinstances
    ERROR: Unhandled typepackage3dinstances
    ERROR: Unhandled typepackage3dinstances
    ERROR: Unhandled typepackage3dinstances
    ERROR: Unhandled typepackage3dinstances
    ERROR: Unhandled typepackage3dinstances
    ERROR: Unhandled typepackage3dinstances
    ERROR: Unhandled typepackage3dinstances
    ERROR: Unhandled typepackage3dinstances
    ERROR: Unhandled typepackage3dinstances
    Load Attributes 0
    Load Classes 1
    Load Parts 20
    Load Sheets 1
    ERROR: Unhandled type <errors>
EndSection
