Importer Log Report
Project : Accumulator.PrjPcb

Section : Analyze Document - C:\Users\adria\Downloads\PCB_Layouts-master\PCB_Layouts-master\Old Files\Accumulator\Accumulator Schematic\Accumulator.sch
    Analyzing data of C:\Users\adria\Downloads\PCB_Layouts-master\PCB_Layouts-master\Old Files\Accumulator\Accumulator Schematic\Accumulator.sch
    Load settings
    Load layers 63
    Load schematic
    Load Libraries 6
    Load Library "special"
    Load Packages 2
    ERROR: Unhandled typepackages3d
    Load Symbols 2
    Load DeviceSets 2
    ERROR: Unhandled typepackage3dinstances
    ERROR: Unhandled typepackage3dinstances
    Load Library "relay"
    Load Packages 1
    ERROR: Unhandled typepackages3d
    Load Symbols 2
    Load DeviceSets 1
    ERROR: Unhandled typepackage3dinstances
    Load Library "docu-dummy"
    Load Packages 0
    Load Symbols 1
    Load DeviceSets 1
    Load Library "jumper"
    Load Packages 1
    ERROR: Unhandled typepackages3d
    Load Symbols 1
    Load DeviceSets 1
    ERROR: Unhandled typepackage3dinstances
    Load Library "supply1"
    Load Packages 0
    Load Symbols 2
    Load DeviceSets 2
    Load Library "ngspice-simulation"
    Load Packages 0
    Load Symbols 1
    Load DeviceSets 1
    Load Attributes 0
    Load Classes 1
    Load Parts 18
    Load Sheets 1
EndSection
